# JRE version: Java(TM) SE Runtime Environment (8.0_201-b09) (build 1.8.0_201-b09)
# Java VM: Java HotSpot(TM) 64-Bit Server VM (25.201-b09 mixed mode linux-amd64 compressed oops)
Heap:
 PSYoungGen      total 345088K, used 125014K [0x0000000718e00000, 0x000000072f800000, 0x00000007c0000000)
  eden space 331776K, 33% used [0x0000000718e00000,0x000000071fb1d3b8,0x000000072d200000)
  from space 13312K, 99% used [0x000000072eb00000,0x000000072f7f86b8,0x000000072f800000)
  to   space 14336K, 0% used [0x000000072dc00000,0x000000072dc00000,0x000000072ea00000)
 ParOldGen       total 1791488K, used 1333439K [0x00000005caa00000, 0x0000000637f80000, 0x0000000718e00000)
  object space 1791488K, 74% used [0x00000005caa00000,0x000000061c02fe18,0x0000000637f80000)
 Metaspace       used 73650K, capacity 74196K, committed 74392K, reserved 1112064K
  class space    used 10780K, capacity 10926K, committed 10928K, reserved 1048576K
GC Heap History (10 events):
Event: 8.669 GC heap before
{Heap before GC invocations=7 (full 2):
 PSYoungGen      total 195584K, used 174592K [0x0000000718e00000, 0x0000000726680000, 0x00000007c0000000)
  eden space 174592K, 100% used [0x0000000718e00000,0x0000000723880000,0x0000000723880000)
  from space 20992K, 0% used [0x0000000724d00000,0x0000000724d00000,0x0000000726180000)
  to   space 20992K, 0% used [0x0000000723880000,0x0000000723880000,0x0000000724d00000)
 ParOldGen       total 347648K, used 16290K [0x00000005caa00000, 0x00000005dfd80000, 0x0000000718e00000)
  object space 347648K, 4% used [0x00000005caa00000,0x00000005cb9e8b80,0x00000005dfd80000)
 Metaspace       used 43483K, capacity 43896K, committed 44080K, reserved 1087488K
  class space    used 6478K, capacity 6583K, committed 6704K, reserved 1048576K
Event: 8.694 GC heap after
Heap after GC invocations=7 (full 2):
 PSYoungGen      total 195584K, used 11612K [0x0000000718e00000, 0x0000000729b00000, 0x00000007c0000000)
  eden space 174592K, 0% used [0x0000000718e00000,0x0000000718e00000,0x0000000723880000)
  from space 20992K, 55% used [0x0000000723880000,0x00000007243d7100,0x0000000724d00000)
  to   space 12800K, 0% used [0x0000000728e80000,0x0000000728e80000,0x0000000729b00000)
 ParOldGen       total 347648K, used 16298K [0x00000005caa00000, 0x00000005dfd80000, 0x0000000718e00000)
  object space 347648K, 4% used [0x00000005caa00000,0x00000005cb9eab80,0x00000005dfd80000)
 Metaspace       used 43483K, capacity 43896K, committed 44080K, reserved 1087488K
  class space    used 6478K, capacity 6583K, committed 6704K, reserved 1048576K
}
Event: 9.656 GC heap before
{Heap before GC invocations=8 (full 2):
 PSYoungGen      total 195584K, used 186204K [0x0000000718e00000, 0x0000000729b00000, 0x00000007c0000000)
  eden space 174592K, 100% used [0x0000000718e00000,0x0000000723880000,0x0000000723880000)
  from space 20992K, 55% used [0x0000000723880000,0x00000007243d7100,0x0000000724d00000)
  to   space 12800K, 0% used [0x0000000728e80000,0x0000000728e80000,0x0000000729b00000)
 ParOldGen       total 347648K, used 16298K [0x00000005caa00000, 0x00000005dfd80000, 0x0000000718e00000)
  object space 347648K, 4% used [0x00000005caa00000,0x00000005cb9eab80,0x00000005dfd80000)
 Metaspace       used 53237K, capacity 53602K, committed 53936K, reserved 1095680K
  class space    used 7936K, capacity 8062K, committed 8112K, reserved 1048576K
Event: 9.665 GC heap after
Heap after GC invocations=8 (full 2):
 PSYoungGen      total 257536K, used 12798K [0x0000000718e00000, 0x0000000729b00000, 0x00000007c0000000)
  eden space 244736K, 0% used [0x0000000718e00000,0x0000000718e00000,0x0000000727d00000)
  from space 12800K, 99% used [0x0000000728e80000,0x0000000729aff840,0x0000000729b00000)
  to   space 13824K, 0% used [0x0000000728000000,0x0000000728000000,0x0000000728d80000)
 ParOldGen       total 347648K, used 16965K [0x00000005caa00000, 0x00000005dfd80000, 0x0000000718e00000)
  object space 347648K, 4% used [0x00000005caa00000,0x00000005cba917f0,0x00000005dfd80000)
 Metaspace       used 53237K, capacity 53602K, committed 53936K, reserved 1095680K
  class space    used 7936K, capacity 8062K, committed 8112K, reserved 1048576K
}
Event: 10.429 GC heap before
{Heap before GC invocations=9 (full 2):
 PSYoungGen      total 257536K, used 133773K [0x0000000718e00000, 0x0000000729b00000, 0x00000007c0000000)
  eden space 244736K, 49% used [0x0000000718e00000,0x0000000720423da0,0x0000000727d00000)
  from space 12800K, 99% used [0x0000000728e80000,0x0000000729aff840,0x0000000729b00000)
  to   space 13824K, 0% used [0x0000000728000000,0x0000000728000000,0x0000000728d80000)
 ParOldGen       total 347648K, used 16965K [0x00000005caa00000, 0x00000005dfd80000, 0x0000000718e00000)
  object space 347648K, 4% used [0x00000005caa00000,0x00000005cba917f0,0x00000005dfd80000)
 Metaspace       used 58620K, capacity 58952K, committed 59160K, reserved 1099776K
  class space    used 8822K, capacity 8927K, committed 9008K, reserved 1048576K
Event: 10.441 GC heap after
Heap after GC invocations=9 (full 2):
 PSYoungGen      total 261632K, used 11078K [0x0000000718e00000, 0x000000072f880000, 0x00000007c0000000)
  eden space 247808K, 0% used [0x0000000718e00000,0x0000000718e00000,0x0000000728000000)
  from space 13824K, 80% used [0x0000000728000000,0x0000000728ad1800,0x0000000728d80000)
  to   space 13824K, 0% used [0x000000072eb00000,0x000000072eb00000,0x000000072f880000)
 ParOldGen       total 347648K, used 16973K [0x00000005caa00000, 0x00000005dfd80000, 0x0000000718e00000)
  object space 347648K, 4% used [0x00000005caa00000,0x00000005cba937f0,0x00000005dfd80000)
 Metaspace       used 58620K, capacity 58952K, committed 59160K, reserved 1099776K
  class space    used 8822K, capacity 8927K, committed 9008K, reserved 1048576K
}
Event: 10.442 GC heap before
{Heap before GC invocations=10 (full 3):
 PSYoungGen      total 261632K, used 11078K [0x0000000718e00000, 0x000000072f880000, 0x00000007c0000000)
  eden space 247808K, 0% used [0x0000000718e00000,0x0000000718e00000,0x0000000728000000)
  from space 13824K, 80% used [0x0000000728000000,0x0000000728ad1800,0x0000000728d80000)
  to   space 13824K, 0% used [0x000000072eb00000,0x000000072eb00000,0x000000072f880000)
 ParOldGen       total 347648K, used 16973K [0x00000005caa00000, 0x00000005dfd80000, 0x0000000718e00000)
  object space 347648K, 4% used [0x00000005caa00000,0x00000005cba937f0,0x00000005dfd80000)
 Metaspace       used 58620K, capacity 58952K, committed 59160K, reserved 1099776K
  class space    used 8822K, capacity 8927K, committed 9008K, reserved 1048576K
Event: 10.558 GC heap after
Heap after GC invocations=10 (full 3):
 PSYoungGen      total 261632K, used 0K [0x0000000718e00000, 0x000000072f880000, 0x00000007c0000000)
  eden space 247808K, 0% used [0x0000000718e00000,0x0000000718e00000,0x0000000728000000)
  from space 13824K, 0% used [0x0000000728000000,0x0000000728000000,0x0000000728d80000)
  to   space 13824K, 0% used [0x000000072eb00000,0x000000072eb00000,0x000000072f880000)
 ParOldGen       total 479744K, used 21855K [0x00000005caa00000, 0x00000005e7e80000, 0x0000000718e00000)
  object space 479744K, 4% used [0x00000005caa00000,0x00000005cbf57f78,0x00000005e7e80000)
 Metaspace       used 58616K, capacity 58946K, committed 59160K, reserved 1099776K
  class space    used 8821K, capacity 8926K, committed 9008K, reserved 1048576K
}
Event: 12.211 GC heap before
{Heap before GC invocations=11 (full 3):
 PSYoungGen      total 261632K, used 244558K [0x0000000718e00000, 0x000000072f880000, 0x00000007c0000000)
  eden space 247808K, 98% used [0x0000000718e00000,0x0000000727cd3b90,0x0000000728000000)
  from space 13824K, 0% used [0x0000000728000000,0x0000000728000000,0x0000000728d80000)
  to   space 13824K, 0% used [0x000000072eb00000,0x000000072eb00000,0x000000072f880000)
 ParOldGen       total 479744K, used 21855K [0x00000005caa00000, 0x00000005e7e80000, 0x0000000718e00000)
  object space 479744K, 4% used [0x00000005caa00000,0x00000005cbf57f78,0x00000005e7e80000)
 Metaspace       used 68884K, capacity 69450K, committed 69656K, reserved 1107968K
  class space    used 10369K, capacity 10493K, committed 10544K, reserved 1048576K
Event: 12.225 GC heap after
Heap after GC invocations=11 (full 3):
 PSYoungGen      total 345088K, used 13281K [0x0000000718e00000, 0x000000072f800000, 0x00000007c0000000)
  eden space 331776K, 0% used [0x0000000718e00000,0x0000000718e00000,0x000000072d200000)
  from space 13312K, 99% used [0x000000072eb00000,0x000000072f7f86b8,0x000000072f800000)
  to   space 14336K, 0% used [0x000000072dc00000,0x000000072dc00000,0x000000072ea00000)
 ParOldGen       total 479744K, used 21863K [0x00000005caa00000, 0x00000005e7e80000, 0x0000000718e00000)
  object space 479744K, 4% used [0x00000005caa00000,0x00000005cbf59f78,0x00000005e7e80000)
 Metaspace       used 68884K, capacity 69450K, committed 69656K, reserved 1107968K
  class space    used 10369K, capacity 10493K, committed 10544K, reserved 1048576K
}

