# JRE version: Java(TM) SE Runtime Environment (8.0_201-b09) (build 1.8.0_201-b09)
# Java VM: Java HotSpot(TM) 64-Bit Server VM (25.201-b09 mixed mode linux-amd64 compressed oops)
Heap:
 PSYoungGen      total 342528K, used 126967K [0x0000000718e00000, 0x000000072f880000, 0x00000007c0000000)
  eden space 329216K, 34% used [0x0000000718e00000,0x000000071fd59f78,0x000000072cf80000)
  from space 13312K, 97% used [0x000000072eb80000,0x000000072f823eb0,0x000000072f880000)
  to   space 14336K, 0% used [0x000000072dc80000,0x000000072dc80000,0x000000072ea80000)
 ParOldGen       total 1796608K, used 1333204K [0x00000005caa00000, 0x0000000638480000, 0x0000000718e00000)
  object space 1796608K, 74% used [0x00000005caa00000,0x000000061bff5130,0x0000000638480000)
 Metaspace       used 73700K, capacity 74260K, committed 74392K, reserved 1112064K
  class space    used 10784K, capacity 10926K, committed 10928K, reserved 1048576K
GC Heap History (10 events):
Event: 7.055 GC heap before
{Heap before GC invocations=7 (full 2):
 PSYoungGen      total 196608K, used 175616K [0x0000000718e00000, 0x0000000727180000, 0x00000007c0000000)
  eden space 175616K, 100% used [0x0000000718e00000,0x0000000723980000,0x0000000723980000)
  from space 20992K, 0% used [0x0000000724e00000,0x0000000724e00000,0x0000000726280000)
  to   space 20992K, 0% used [0x0000000723980000,0x0000000723980000,0x0000000724e00000)
 ParOldGen       total 348672K, used 16397K [0x00000005caa00000, 0x00000005dfe80000, 0x0000000718e00000)
  object space 348672K, 4% used [0x00000005caa00000,0x00000005cba03418,0x00000005dfe80000)
 Metaspace       used 43538K, capacity 43928K, committed 44080K, reserved 1087488K
  class space    used 6488K, capacity 6615K, committed 6704K, reserved 1048576K
Event: 7.072 GC heap after
Heap after GC invocations=7 (full 2):
 PSYoungGen      total 196608K, used 11682K [0x0000000718e00000, 0x0000000729c00000, 0x00000007c0000000)
  eden space 175616K, 0% used [0x0000000718e00000,0x0000000718e00000,0x0000000723980000)
  from space 20992K, 55% used [0x0000000723980000,0x00000007244e8b68,0x0000000724e00000)
  to   space 13312K, 0% used [0x0000000728f00000,0x0000000728f00000,0x0000000729c00000)
 ParOldGen       total 348672K, used 16405K [0x00000005caa00000, 0x00000005dfe80000, 0x0000000718e00000)
  object space 348672K, 4% used [0x00000005caa00000,0x00000005cba05418,0x00000005dfe80000)
 Metaspace       used 43538K, capacity 43928K, committed 44080K, reserved 1087488K
  class space    used 6488K, capacity 6615K, committed 6704K, reserved 1048576K
}
Event: 8.027 GC heap before
{Heap before GC invocations=8 (full 2):
 PSYoungGen      total 196608K, used 187298K [0x0000000718e00000, 0x0000000729c00000, 0x00000007c0000000)
  eden space 175616K, 100% used [0x0000000718e00000,0x0000000723980000,0x0000000723980000)
  from space 20992K, 55% used [0x0000000723980000,0x00000007244e8b68,0x0000000724e00000)
  to   space 13312K, 0% used [0x0000000728f00000,0x0000000728f00000,0x0000000729c00000)
 ParOldGen       total 348672K, used 16405K [0x00000005caa00000, 0x00000005dfe80000, 0x0000000718e00000)
  object space 348672K, 4% used [0x00000005caa00000,0x00000005cba05418,0x00000005dfe80000)
 Metaspace       used 53411K, capacity 53826K, committed 53936K, reserved 1095680K
  class space    used 7970K, capacity 8094K, committed 8112K, reserved 1048576K
Event: 8.037 GC heap after
Heap after GC invocations=8 (full 2):
 PSYoungGen      total 259584K, used 13288K [0x0000000718e00000, 0x0000000729c00000, 0x00000007c0000000)
  eden space 246272K, 0% used [0x0000000718e00000,0x0000000718e00000,0x0000000727e80000)
  from space 13312K, 99% used [0x0000000728f00000,0x0000000729bfa340,0x0000000729c00000)
  to   space 14336K, 0% used [0x0000000728000000,0x0000000728000000,0x0000000728e00000)
 ParOldGen       total 348672K, used 16563K [0x00000005caa00000, 0x00000005dfe80000, 0x0000000718e00000)
  object space 348672K, 4% used [0x00000005caa00000,0x00000005cba2ce10,0x00000005dfe80000)
 Metaspace       used 53411K, capacity 53826K, committed 53936K, reserved 1095680K
  class space    used 7970K, capacity 8094K, committed 8112K, reserved 1048576K
}
Event: 8.867 GC heap before
{Heap before GC invocations=9 (full 2):
 PSYoungGen      total 259584K, used 127529K [0x0000000718e00000, 0x0000000729c00000, 0x00000007c0000000)
  eden space 246272K, 46% used [0x0000000718e00000,0x000000071fd904a0,0x0000000727e80000)
  from space 13312K, 99% used [0x0000000728f00000,0x0000000729bfa340,0x0000000729c00000)
  to   space 14336K, 0% used [0x0000000728000000,0x0000000728000000,0x0000000728e00000)
 ParOldGen       total 348672K, used 16563K [0x00000005caa00000, 0x00000005dfe80000, 0x0000000718e00000)
  object space 348672K, 4% used [0x00000005caa00000,0x00000005cba2ce10,0x00000005dfe80000)
 Metaspace       used 58562K, capacity 58952K, committed 59160K, reserved 1099776K
  class space    used 8811K, capacity 8927K, committed 9008K, reserved 1048576K
Event: 8.877 GC heap after
Heap after GC invocations=9 (full 2):
 PSYoungGen      total 262144K, used 10772K [0x0000000718e00000, 0x000000072f900000, 0x00000007c0000000)
  eden space 247808K, 0% used [0x0000000718e00000,0x0000000718e00000,0x0000000728000000)
  from space 14336K, 75% used [0x0000000728000000,0x0000000728a850f8,0x0000000728e00000)
  to   space 13824K, 0% used [0x000000072eb80000,0x000000072eb80000,0x000000072f900000)
 ParOldGen       total 348672K, used 16571K [0x00000005caa00000, 0x00000005dfe80000, 0x0000000718e00000)
  object space 348672K, 4% used [0x00000005caa00000,0x00000005cba2ee10,0x00000005dfe80000)
 Metaspace       used 58562K, capacity 58952K, committed 59160K, reserved 1099776K
  class space    used 8811K, capacity 8927K, committed 9008K, reserved 1048576K
}
Event: 8.877 GC heap before
{Heap before GC invocations=10 (full 3):
 PSYoungGen      total 262144K, used 10772K [0x0000000718e00000, 0x000000072f900000, 0x00000007c0000000)
  eden space 247808K, 0% used [0x0000000718e00000,0x0000000718e00000,0x0000000728000000)
  from space 14336K, 75% used [0x0000000728000000,0x0000000728a850f8,0x0000000728e00000)
  to   space 13824K, 0% used [0x000000072eb80000,0x000000072eb80000,0x000000072f900000)
 ParOldGen       total 348672K, used 16571K [0x00000005caa00000, 0x00000005dfe80000, 0x0000000718e00000)
  object space 348672K, 4% used [0x00000005caa00000,0x00000005cba2ee10,0x00000005dfe80000)
 Metaspace       used 58562K, capacity 58952K, committed 59160K, reserved 1099776K
  class space    used 8811K, capacity 8927K, committed 9008K, reserved 1048576K
Event: 8.997 GC heap after
Heap after GC invocations=10 (full 3):
 PSYoungGen      total 262144K, used 0K [0x0000000718e00000, 0x000000072f900000, 0x00000007c0000000)
  eden space 247808K, 0% used [0x0000000718e00000,0x0000000718e00000,0x0000000728000000)
  from space 14336K, 0% used [0x0000000728000000,0x0000000728000000,0x0000000728e00000)
  to   space 13824K, 0% used [0x000000072eb80000,0x000000072eb80000,0x000000072f900000)
 ParOldGen       total 484864K, used 21620K [0x00000005caa00000, 0x00000005e8380000, 0x0000000718e00000)
  object space 484864K, 4% used [0x00000005caa00000,0x00000005cbf1d290,0x00000005e8380000)
 Metaspace       used 58559K, capacity 58946K, committed 59160K, reserved 1099776K
  class space    used 8810K, capacity 8926K, committed 9008K, reserved 1048576K
}
Event: 10.880 GC heap before
{Heap before GC invocations=11 (full 3):
 PSYoungGen      total 262144K, used 247808K [0x0000000718e00000, 0x000000072f900000, 0x00000007c0000000)
  eden space 247808K, 100% used [0x0000000718e00000,0x0000000728000000,0x0000000728000000)
  from space 14336K, 0% used [0x0000000728000000,0x0000000728000000,0x0000000728e00000)
  to   space 13824K, 0% used [0x000000072eb80000,0x000000072eb80000,0x000000072f900000)
 ParOldGen       total 484864K, used 21620K [0x00000005caa00000, 0x00000005e8380000, 0x0000000718e00000)
  object space 484864K, 4% used [0x00000005caa00000,0x00000005cbf1d290,0x00000005e8380000)
 Metaspace       used 68711K, capacity 69212K, committed 69400K, reserved 1107968K
  class space    used 10339K, capacity 10464K, committed 10544K, reserved 1048576K
Event: 10.900 GC heap after
Heap after GC invocations=11 (full 3):
 PSYoungGen      total 342528K, used 12943K [0x0000000718e00000, 0x000000072f880000, 0x00000007c0000000)
  eden space 329216K, 0% used [0x0000000718e00000,0x0000000718e00000,0x000000072cf80000)
  from space 13312K, 97% used [0x000000072eb80000,0x000000072f823eb0,0x000000072f880000)
  to   space 14336K, 0% used [0x000000072dc80000,0x000000072dc80000,0x000000072ea80000)
 ParOldGen       total 484864K, used 21628K [0x00000005caa00000, 0x00000005e8380000, 0x0000000718e00000)
  object space 484864K, 4% used [0x00000005caa00000,0x00000005cbf1f290,0x00000005e8380000)
 Metaspace       used 68711K, capacity 69212K, committed 69400K, reserved 1107968K
  class space    used 10339K, capacity 10464K, committed 10544K, reserved 1048576K
}

