# JRE version: Java(TM) SE Runtime Environment (8.0_201-b09) (build 1.8.0_201-b09)
# Java VM: Java HotSpot(TM) 64-Bit Server VM (25.201-b09 mixed mode linux-amd64 compressed oops)
Heap:
 PSYoungGen      total 2487296K, used 2245090K [0x0000000718e00000, 0x00000007bfb00000, 0x00000007c0000000)
  eden space 2251776K, 93% used [0x0000000718e00000,0x0000000799e01390,0x00000007a2500000)
  from space 235520K, 55% used [0x00000007b1500000,0x00000007b9577850,0x00000007bfb00000)
  to   space 240640K, 0% used [0x00000007a2500000,0x00000007a2500000,0x00000007b1000000)
 ParOldGen       total 5476352K, used 4967873K [0x00000005caa00000, 0x0000000718e00000, 0x0000000718e00000)
  object space 5476352K, 90% used [0x00000005caa00000,0x00000006f9d70490,0x0000000718e00000)
 Metaspace       used 76881K, capacity 77678K, committed 77952K, reserved 1116160K
  class space    used 11155K, capacity 11341K, committed 11392K, reserved 1048576K
GC Heap History (10 events):
Event: 10.576 GC heap before
{Heap before GC invocations=20 (full 4):
 PSYoungGen      total 1716224K, used 1480921K [0x0000000718e00000, 0x00000007b9800000, 0x00000007c0000000)
  eden space 1433088K, 99% used [0x0000000718e00000,0x00000007704f6150,0x0000000770580000)
  from space 283136K, 17% used [0x0000000770580000,0x00000007734c03d8,0x0000000781a00000)
  to   space 275968K, 0% used [0x00000007a8a80000,0x00000007a8a80000,0x00000007b9800000)
 ParOldGen       total 1255936K, used 683863K [0x00000005caa00000, 0x0000000617480000, 0x0000000718e00000)
  object space 1255936K, 54% used [0x00000005caa00000,0x00000005f45d5ff0,0x0000000617480000)
 Metaspace       used 76434K, capacity 77168K, committed 77312K, reserved 1116160K
  class space    used 11111K, capacity 11254K, committed 11264K, reserved 1048576K
Event: 10.612 GC heap after
Heap after GC invocations=20 (full 4):
 PSYoungGen      total 2318848K, used 80703K [0x0000000718e00000, 0x00000007b7880000, 0x00000007c0000000)
  eden space 2075136K, 0% used [0x0000000718e00000,0x0000000718e00000,0x0000000797880000)
  from space 243712K, 33% used [0x00000007a8a80000,0x00000007ad94fc30,0x00000007b7880000)
  to   space 262144K, 0% used [0x0000000797880000,0x0000000797880000,0x00000007a7880000)
 ParOldGen       total 1255936K, used 703785K [0x00000005caa00000, 0x0000000617480000, 0x0000000718e00000)
  object space 1255936K, 56% used [0x00000005caa00000,0x00000005f594a768,0x0000000617480000)
 Metaspace       used 76434K, capacity 77168K, committed 77312K, reserved 1116160K
  class space    used 11111K, capacity 11254K, committed 11264K, reserved 1048576K
}
Event: 11.104 GC heap before
{Heap before GC invocations=21 (full 4):
 PSYoungGen      total 2318848K, used 2155839K [0x0000000718e00000, 0x00000007b7880000, 0x00000007c0000000)
  eden space 2075136K, 100% used [0x0000000718e00000,0x0000000797880000,0x0000000797880000)
  from space 243712K, 33% used [0x00000007a8a80000,0x00000007ad94fc30,0x00000007b7880000)
  to   space 262144K, 0% used [0x0000000797880000,0x0000000797880000,0x00000007a7880000)
 ParOldGen       total 1255936K, used 703785K [0x00000005caa00000, 0x0000000617480000, 0x0000000718e00000)
  object space 1255936K, 56% used [0x00000005caa00000,0x00000005f594a768,0x0000000617480000)
 Metaspace       used 76437K, capacity 77168K, committed 77312K, reserved 1116160K
  class space    used 11111K, capacity 11254K, committed 11264K, reserved 1048576K
Event: 11.120 GC heap after
Heap after GC invocations=21 (full 4):
 PSYoungGen      total 2337280K, used 47782K [0x0000000718e00000, 0x00000007c0000000, 0x00000007c0000000)
  eden space 2075136K, 0% used [0x0000000718e00000,0x0000000718e00000,0x0000000797880000)
  from space 262144K, 18% used [0x0000000797880000,0x000000079a729bd8,0x00000007a7880000)
  to   space 254976K, 0% used [0x00000007b0700000,0x00000007b0700000,0x00000007c0000000)
 ParOldGen       total 1255936K, used 740957K [0x00000005caa00000, 0x0000000617480000, 0x0000000718e00000)
  object space 1255936K, 58% used [0x00000005caa00000,0x00000005f7d97488,0x0000000617480000)
 Metaspace       used 76437K, capacity 77168K, committed 77312K, reserved 1116160K
  class space    used 11111K, capacity 11254K, committed 11264K, reserved 1048576K
}
Event: 11.538 GC heap before
{Heap before GC invocations=22 (full 4):
 PSYoungGen      total 2337280K, used 2122918K [0x0000000718e00000, 0x00000007c0000000, 0x00000007c0000000)
  eden space 2075136K, 100% used [0x0000000718e00000,0x0000000797880000,0x0000000797880000)
  from space 262144K, 18% used [0x0000000797880000,0x000000079a729bd8,0x00000007a7880000)
  to   space 254976K, 0% used [0x00000007b0700000,0x00000007b0700000,0x00000007c0000000)
 ParOldGen       total 1255936K, used 740957K [0x00000005caa00000, 0x0000000617480000, 0x0000000718e00000)
  object space 1255936K, 58% used [0x00000005caa00000,0x00000005f7d97488,0x0000000617480000)
 Metaspace       used 76437K, capacity 77168K, committed 77312K, reserved 1116160K
  class space    used 11111K, capacity 11254K, committed 11264K, reserved 1048576K
Event: 11.559 GC heap after
Heap after GC invocations=22 (full 4):
 PSYoungGen      total 2453504K, used 47193K [0x0000000718e00000, 0x00000007bea00000, 0x00000007c0000000)
  eden space 2221056K, 0% used [0x0000000718e00000,0x0000000718e00000,0x00000007a0700000)
  from space 232448K, 20% used [0x00000007b0700000,0x00000007b3516790,0x00000007bea00000)
  to   space 247296K, 0% used [0x00000007a0700000,0x00000007a0700000,0x00000007af880000)
 ParOldGen       total 1255936K, used 750446K [0x00000005caa00000, 0x0000000617480000, 0x0000000718e00000)
  object space 1255936K, 59% used [0x00000005caa00000,0x00000005f86dba30,0x0000000617480000)
 Metaspace       used 76437K, capacity 77168K, committed 77312K, reserved 1116160K
  class space    used 11111K, capacity 11254K, committed 11264K, reserved 1048576K
}
Event: 12.022 GC heap before
{Heap before GC invocations=23 (full 4):
 PSYoungGen      total 2453504K, used 2268249K [0x0000000718e00000, 0x00000007bea00000, 0x00000007c0000000)
  eden space 2221056K, 100% used [0x0000000718e00000,0x00000007a0700000,0x00000007a0700000)
  from space 232448K, 20% used [0x00000007b0700000,0x00000007b3516790,0x00000007bea00000)
  to   space 247296K, 0% used [0x00000007a0700000,0x00000007a0700000,0x00000007af880000)
 ParOldGen       total 1255936K, used 750446K [0x00000005caa00000, 0x0000000617480000, 0x0000000718e00000)
  object space 1255936K, 59% used [0x00000005caa00000,0x00000005f86dba30,0x0000000617480000)
 Metaspace       used 76449K, capacity 77168K, committed 77312K, reserved 1116160K
  class space    used 11111K, capacity 11254K, committed 11264K, reserved 1048576K
Event: 12.042 GC heap after
Heap after GC invocations=23 (full 4):
 PSYoungGen      total 2468352K, used 47886K [0x0000000718e00000, 0x00000007bfe80000, 0x00000007c0000000)
  eden space 2221056K, 0% used [0x0000000718e00000,0x0000000718e00000,0x00000007a0700000)
  from space 247296K, 19% used [0x00000007a0700000,0x00000007a35c3998,0x00000007af880000)
  to   space 239104K, 0% used [0x00000007b1500000,0x00000007b1500000,0x00000007bfe80000)
 ParOldGen       total 1255936K, used 755188K [0x00000005caa00000, 0x0000000617480000, 0x0000000718e00000)
  object space 1255936K, 60% used [0x00000005caa00000,0x00000005f8b7d2e8,0x0000000617480000)
 Metaspace       used 76449K, capacity 77168K, committed 77312K, reserved 1116160K
  class space    used 11111K, capacity 11254K, committed 11264K, reserved 1048576K
}
Event: 13.495 GC heap before
{Heap before GC invocations=24 (full 4):
 PSYoungGen      total 2468352K, used 1512725K [0x0000000718e00000, 0x00000007bfe80000, 0x00000007c0000000)
  eden space 2221056K, 65% used [0x0000000718e00000,0x0000000772481b48,0x00000007a0700000)
  from space 247296K, 19% used [0x00000007a0700000,0x00000007a35c3998,0x00000007af880000)
  to   space 239104K, 0% used [0x00000007b1500000,0x00000007b1500000,0x00000007bfe80000)
 ParOldGen       total 5476352K, used 4949492K [0x00000005caa00000, 0x0000000718e00000, 0x0000000718e00000)
  object space 5476352K, 90% used [0x00000005caa00000,0x00000006f8b7d2e8,0x0000000718e00000)
 Metaspace       used 76881K, capacity 77678K, committed 77952K, reserved 1116160K
  class space    used 11155K, capacity 11341K, committed 11392K, reserved 1048576K
Event: 13.521 GC heap after
Heap after GC invocations=24 (full 4):
 PSYoungGen      total 2487296K, used 131550K [0x0000000718e00000, 0x00000007bfb00000, 0x00000007c0000000)
  eden space 2251776K, 0% used [0x0000000718e00000,0x0000000718e00000,0x00000007a2500000)
  from space 235520K, 55% used [0x00000007b1500000,0x00000007b9577850,0x00000007bfb00000)
  to   space 240640K, 0% used [0x00000007a2500000,0x00000007a2500000,0x00000007b1000000)
 ParOldGen       total 5476352K, used 4967873K [0x00000005caa00000, 0x0000000718e00000, 0x0000000718e00000)
  object space 5476352K, 90% used [0x00000005caa00000,0x00000006f9d70490,0x0000000718e00000)
 Metaspace       used 76881K, capacity 77678K, committed 77952K, reserved 1116160K
  class space    used 11155K, capacity 11341K, committed 11392K, reserved 1048576K
}

