# JRE version: Java(TM) SE Runtime Environment (8.0_201-b09) (build 1.8.0_201-b09)
# Java VM: Java HotSpot(TM) 64-Bit Server VM (25.201-b09 mixed mode linux-amd64 compressed oops)
Heap:
 PSYoungGen      total 367616K, used 106926K [0x0000000718e00000, 0x0000000731580000, 0x00000007c0000000)
  eden space 353280K, 26% used [0x0000000718e00000,0x000000071e8e7688,0x000000072e700000)
  from space 14336K, 96% used [0x0000000730780000,0x00000007315043d0,0x0000000731580000)
  to   space 15360K, 0% used [0x000000072f780000,0x000000072f780000,0x0000000730680000)
 ParOldGen       total 1764864K, used 1332119K [0x00000005caa00000, 0x0000000636580000, 0x0000000718e00000)
  object space 1764864K, 75% used [0x00000005caa00000,0x000000061bee5d80,0x0000000636580000)
 Metaspace       used 73664K, capacity 74196K, committed 74392K, reserved 1112064K
  class space    used 10786K, capacity 10926K, committed 10928K, reserved 1048576K
GC Heap History (10 events):
Event: 3.868 GC heap before
{Heap before GC invocations=7 (full 2):
 PSYoungGen      total 212480K, used 191488K [0x0000000718e00000, 0x0000000727900000, 0x00000007c0000000)
  eden space 191488K, 100% used [0x0000000718e00000,0x0000000724900000,0x0000000724900000)
  from space 20992K, 0% used [0x0000000725d80000,0x0000000725d80000,0x0000000727200000)
  to   space 20992K, 0% used [0x0000000724900000,0x0000000724900000,0x0000000725d80000)
 ParOldGen       total 326656K, used 16405K [0x00000005caa00000, 0x00000005de900000, 0x0000000718e00000)
  object space 326656K, 5% used [0x00000005caa00000,0x00000005cba05420,0x00000005de900000)
 Metaspace       used 44322K, capacity 44664K, committed 44976K, reserved 1087488K
  class space    used 6589K, capacity 6711K, committed 6832K, reserved 1048576K
Event: 3.879 GC heap after
Heap after GC invocations=7 (full 2):
 PSYoungGen      total 212480K, used 12714K [0x0000000718e00000, 0x000000072ad00000, 0x00000007c0000000)
  eden space 191488K, 0% used [0x0000000718e00000,0x0000000718e00000,0x0000000724900000)
  from space 20992K, 60% used [0x0000000724900000,0x000000072556ab10,0x0000000725d80000)
  to   space 13312K, 0% used [0x000000072a000000,0x000000072a000000,0x000000072ad00000)
 ParOldGen       total 326656K, used 16413K [0x00000005caa00000, 0x00000005de900000, 0x0000000718e00000)
  object space 326656K, 5% used [0x00000005caa00000,0x00000005cba07420,0x00000005de900000)
 Metaspace       used 44322K, capacity 44664K, committed 44976K, reserved 1087488K
  class space    used 6589K, capacity 6711K, committed 6832K, reserved 1048576K
}
Event: 4.538 GC heap before
{Heap before GC invocations=8 (full 2):
 PSYoungGen      total 212480K, used 204202K [0x0000000718e00000, 0x000000072ad00000, 0x00000007c0000000)
  eden space 191488K, 100% used [0x0000000718e00000,0x0000000724900000,0x0000000724900000)
  from space 20992K, 60% used [0x0000000724900000,0x000000072556ab10,0x0000000725d80000)
  to   space 13312K, 0% used [0x000000072a000000,0x000000072a000000,0x000000072ad00000)
 ParOldGen       total 326656K, used 16413K [0x00000005caa00000, 0x00000005de900000, 0x0000000718e00000)
  object space 326656K, 5% used [0x00000005caa00000,0x00000005cba07420,0x00000005de900000)
 Metaspace       used 55167K, capacity 55618K, committed 55856K, reserved 1097728K
  class space    used 8288K, capacity 8414K, committed 8496K, reserved 1048576K
Event: 4.545 GC heap after
Heap after GC invocations=8 (full 2):
 PSYoungGen      total 279040K, used 13288K [0x0000000718e00000, 0x000000072ae80000, 0x00000007c0000000)
  eden space 265728K, 0% used [0x0000000718e00000,0x0000000718e00000,0x0000000729180000)
  from space 13312K, 99% used [0x000000072a000000,0x000000072acfa208,0x000000072ad00000)
  to   space 14848K, 0% used [0x0000000729180000,0x0000000729180000,0x000000072a000000)
 ParOldGen       total 326656K, used 17086K [0x00000005caa00000, 0x00000005de900000, 0x0000000718e00000)
  object space 326656K, 5% used [0x00000005caa00000,0x00000005cbaaf920,0x00000005de900000)
 Metaspace       used 55167K, capacity 55618K, committed 55856K, reserved 1097728K
  class space    used 8288K, capacity 8414K, committed 8496K, reserved 1048576K
}
Event: 5.002 GC heap before
{Heap before GC invocations=9 (full 2):
 PSYoungGen      total 279040K, used 102751K [0x0000000718e00000, 0x000000072ae80000, 0x00000007c0000000)
  eden space 265728K, 33% used [0x0000000718e00000,0x000000071e55db08,0x0000000729180000)
  from space 13312K, 99% used [0x000000072a000000,0x000000072acfa208,0x000000072ad00000)
  to   space 14848K, 0% used [0x0000000729180000,0x0000000729180000,0x000000072a000000)
 ParOldGen       total 326656K, used 17086K [0x00000005caa00000, 0x00000005de900000, 0x0000000718e00000)
  object space 326656K, 5% used [0x00000005caa00000,0x00000005cbaaf920,0x00000005de900000)
 Metaspace       used 58564K, capacity 58952K, committed 59160K, reserved 1099776K
  class space    used 8811K, capacity 8927K, committed 9008K, reserved 1048576K
Event: 5.009 GC heap after
Heap after GC invocations=9 (full 2):
 PSYoungGen      total 280576K, used 9606K [0x0000000718e00000, 0x0000000731600000, 0x00000007c0000000)
  eden space 265728K, 0% used [0x0000000718e00000,0x0000000718e00000,0x0000000729180000)
  from space 14848K, 64% used [0x0000000729180000,0x0000000729ae1a10,0x000000072a000000)
  to   space 14848K, 0% used [0x0000000730780000,0x0000000730780000,0x0000000731600000)
 ParOldGen       total 326656K, used 17094K [0x00000005caa00000, 0x00000005de900000, 0x0000000718e00000)
  object space 326656K, 5% used [0x00000005caa00000,0x00000005cbab1920,0x00000005de900000)
 Metaspace       used 58564K, capacity 58952K, committed 59160K, reserved 1099776K
  class space    used 8811K, capacity 8927K, committed 9008K, reserved 1048576K
}
Event: 5.009 GC heap before
{Heap before GC invocations=10 (full 3):
 PSYoungGen      total 280576K, used 9606K [0x0000000718e00000, 0x0000000731600000, 0x00000007c0000000)
  eden space 265728K, 0% used [0x0000000718e00000,0x0000000718e00000,0x0000000729180000)
  from space 14848K, 64% used [0x0000000729180000,0x0000000729ae1a10,0x000000072a000000)
  to   space 14848K, 0% used [0x0000000730780000,0x0000000730780000,0x0000000731600000)
 ParOldGen       total 326656K, used 17094K [0x00000005caa00000, 0x00000005de900000, 0x0000000718e00000)
  object space 326656K, 5% used [0x00000005caa00000,0x00000005cbab1920,0x00000005de900000)
 Metaspace       used 58564K, capacity 58952K, committed 59160K, reserved 1099776K
  class space    used 8811K, capacity 8927K, committed 9008K, reserved 1048576K
Event: 5.084 GC heap after
Heap after GC invocations=10 (full 3):
 PSYoungGen      total 280576K, used 0K [0x0000000718e00000, 0x0000000731600000, 0x00000007c0000000)
  eden space 265728K, 0% used [0x0000000718e00000,0x0000000718e00000,0x0000000729180000)
  from space 14848K, 0% used [0x0000000729180000,0x0000000729180000,0x000000072a000000)
  to   space 14848K, 0% used [0x0000000730780000,0x0000000730780000,0x0000000731600000)
 ParOldGen       total 453120K, used 20535K [0x00000005caa00000, 0x00000005e6480000, 0x0000000718e00000)
  object space 453120K, 4% used [0x00000005caa00000,0x00000005cbe0dee0,0x00000005e6480000)
 Metaspace       used 58561K, capacity 58946K, committed 59160K, reserved 1099776K
  class space    used 8810K, capacity 8926K, committed 9008K, reserved 1048576K
}
Event: 6.615 GC heap before
{Heap before GC invocations=11 (full 3):
 PSYoungGen      total 280576K, used 265728K [0x0000000718e00000, 0x0000000731600000, 0x00000007c0000000)
  eden space 265728K, 100% used [0x0000000718e00000,0x0000000729180000,0x0000000729180000)
  from space 14848K, 0% used [0x0000000729180000,0x0000000729180000,0x000000072a000000)
  to   space 14848K, 0% used [0x0000000730780000,0x0000000730780000,0x0000000731600000)
 ParOldGen       total 453120K, used 20535K [0x00000005caa00000, 0x00000005e6480000, 0x0000000718e00000)
  object space 453120K, 4% used [0x00000005caa00000,0x00000005cbe0dee0,0x00000005e6480000)
 Metaspace       used 69252K, capacity 69802K, committed 69912K, reserved 1107968K
  class space    used 10416K, capacity 10536K, committed 10544K, reserved 1048576K
Event: 6.632 GC heap after
Heap after GC invocations=11 (full 3):
 PSYoungGen      total 367616K, used 13840K [0x0000000718e00000, 0x0000000731580000, 0x00000007c0000000)
  eden space 353280K, 0% used [0x0000000718e00000,0x0000000718e00000,0x000000072e700000)
  from space 14336K, 96% used [0x0000000730780000,0x00000007315043d0,0x0000000731580000)
  to   space 15360K, 0% used [0x000000072f780000,0x000000072f780000,0x0000000730680000)
 ParOldGen       total 453120K, used 20543K [0x00000005caa00000, 0x00000005e6480000, 0x0000000718e00000)
  object space 453120K, 4% used [0x00000005caa00000,0x00000005cbe0fee0,0x00000005e6480000)
 Metaspace       used 69252K, capacity 69802K, committed 69912K, reserved 1107968K
  class space    used 10416K, capacity 10536K, committed 10544K, reserved 1048576K
}

