# JRE version: Java(TM) SE Runtime Environment (8.0_201-b09) (build 1.8.0_201-b09)
# Java VM: Java HotSpot(TM) 64-Bit Server VM (25.201-b09 mixed mode linux-amd64 compressed oops)
Heap:
 PSYoungGen      total 370688K, used 155478K [0x0000000718e00000, 0x0000000732980000, 0x00000007c0000000)
  eden space 355328K, 39% used [0x0000000718e00000,0x000000072172c308,0x000000072e900000)
  from space 15360K, 97% used [0x0000000731a80000,0x00000007329297f0,0x0000000732980000)
  to   space 16384K, 0% used [0x0000000730980000,0x0000000730980000,0x0000000731980000)
 ParOldGen       total 1768448K, used 1330190K [0x00000005caa00000, 0x0000000636900000, 0x0000000718e00000)
  object space 1768448K, 75% used [0x00000005caa00000,0x000000061bd038d0,0x0000000636900000)
 Metaspace       used 74588K, capacity 75084K, committed 75264K, reserved 1114112K
  class space    used 10797K, capacity 10926K, committed 11008K, reserved 1048576K
GC Heap History (10 events):
Event: 6.716 GC heap before
{Heap before GC invocations=7 (full 2):
 PSYoungGen      total 211968K, used 190976K [0x0000000718e00000, 0x0000000727b80000, 0x00000007c0000000)
  eden space 190976K, 100% used [0x0000000718e00000,0x0000000724880000,0x0000000724880000)
  from space 20992K, 0% used [0x0000000725d00000,0x0000000725d00000,0x0000000727180000)
  to   space 20992K, 0% used [0x0000000724880000,0x0000000724880000,0x0000000725d00000)
 ParOldGen       total 333312K, used 16458K [0x00000005caa00000, 0x00000005def80000, 0x0000000718e00000)
  object space 333312K, 4% used [0x00000005caa00000,0x00000005cba12820,0x00000005def80000)
 Metaspace       used 44107K, capacity 44464K, committed 44800K, reserved 1087488K
  class space    used 6492K, capacity 6583K, committed 6656K, reserved 1048576K
Event: 6.733 GC heap after
Heap after GC invocations=7 (full 2):
 PSYoungGen      total 211968K, used 12003K [0x0000000718e00000, 0x000000072ad80000, 0x00000007c0000000)
  eden space 190976K, 0% used [0x0000000718e00000,0x0000000718e00000,0x0000000724880000)
  from space 20992K, 57% used [0x0000000724880000,0x0000000725438dc0,0x0000000725d00000)
  to   space 13312K, 0% used [0x000000072a080000,0x000000072a080000,0x000000072ad80000)
 ParOldGen       total 333312K, used 16466K [0x00000005caa00000, 0x00000005def80000, 0x0000000718e00000)
  object space 333312K, 4% used [0x00000005caa00000,0x00000005cba14820,0x00000005def80000)
 Metaspace       used 44107K, capacity 44464K, committed 44800K, reserved 1087488K
  class space    used 6492K, capacity 6583K, committed 6656K, reserved 1048576K
}
Event: 7.725 GC heap before
{Heap before GC invocations=8 (full 2):
 PSYoungGen      total 211968K, used 202979K [0x0000000718e00000, 0x000000072ad80000, 0x00000007c0000000)
  eden space 190976K, 100% used [0x0000000718e00000,0x0000000724880000,0x0000000724880000)
  from space 20992K, 57% used [0x0000000724880000,0x0000000725438dc0,0x0000000725d00000)
  to   space 13312K, 0% used [0x000000072a080000,0x000000072a080000,0x000000072ad80000)
 ParOldGen       total 333312K, used 16466K [0x00000005caa00000, 0x00000005def80000, 0x0000000718e00000)
  object space 333312K, 4% used [0x00000005caa00000,0x00000005cba14820,0x00000005def80000)
 Metaspace       used 54354K, capacity 54778K, committed 55040K, reserved 1095680K
  class space    used 8039K, capacity 8158K, committed 8192K, reserved 1048576K
Event: 7.735 GC heap after
Heap after GC invocations=8 (full 2):
 PSYoungGen      total 279040K, used 13282K [0x0000000718e00000, 0x000000072ae80000, 0x00000007c0000000)
  eden space 265728K, 0% used [0x0000000718e00000,0x0000000718e00000,0x0000000729180000)
  from space 13312K, 99% used [0x000000072a080000,0x000000072ad78988,0x000000072ad80000)
  to   space 14848K, 0% used [0x0000000729180000,0x0000000729180000,0x000000072a000000)
 ParOldGen       total 333312K, used 17059K [0x00000005caa00000, 0x00000005def80000, 0x0000000718e00000)
  object space 333312K, 5% used [0x00000005caa00000,0x00000005cbaa8cb0,0x00000005def80000)
 Metaspace       used 54354K, capacity 54778K, committed 55040K, reserved 1095680K
  class space    used 8039K, capacity 8158K, committed 8192K, reserved 1048576K
}
Event: 8.280 GC heap before
{Heap before GC invocations=9 (full 2):
 PSYoungGen      total 279040K, used 106283K [0x0000000718e00000, 0x000000072ae80000, 0x00000007c0000000)
  eden space 265728K, 34% used [0x0000000718e00000,0x000000071e8d23b8,0x0000000729180000)
  from space 13312K, 99% used [0x000000072a080000,0x000000072ad78988,0x000000072ad80000)
  to   space 14848K, 0% used [0x0000000729180000,0x0000000729180000,0x000000072a000000)
 ParOldGen       total 333312K, used 17059K [0x00000005caa00000, 0x00000005def80000, 0x0000000718e00000)
  object space 333312K, 5% used [0x00000005caa00000,0x00000005cbaa8cb0,0x00000005def80000)
 Metaspace       used 58411K, capacity 58842K, committed 59008K, reserved 1099776K
  class space    used 8728K, capacity 8830K, committed 8832K, reserved 1048576K
Event: 8.296 GC heap after
Heap after GC invocations=9 (full 2):
 PSYoungGen      total 280576K, used 7849K [0x0000000718e00000, 0x0000000732980000, 0x00000007c0000000)
  eden space 265728K, 0% used [0x0000000718e00000,0x0000000718e00000,0x0000000729180000)
  from space 14848K, 52% used [0x0000000729180000,0x000000072992a450,0x000000072a000000)
  to   space 15360K, 0% used [0x0000000731a80000,0x0000000731a80000,0x0000000732980000)
 ParOldGen       total 333312K, used 17067K [0x00000005caa00000, 0x00000005def80000, 0x0000000718e00000)
  object space 333312K, 5% used [0x00000005caa00000,0x00000005cbaaacb0,0x00000005def80000)
 Metaspace       used 58411K, capacity 58842K, committed 59008K, reserved 1099776K
  class space    used 8728K, capacity 8830K, committed 8832K, reserved 1048576K
}
Event: 8.296 GC heap before
{Heap before GC invocations=10 (full 3):
 PSYoungGen      total 280576K, used 7849K [0x0000000718e00000, 0x0000000732980000, 0x00000007c0000000)
  eden space 265728K, 0% used [0x0000000718e00000,0x0000000718e00000,0x0000000729180000)
  from space 14848K, 52% used [0x0000000729180000,0x000000072992a450,0x000000072a000000)
  to   space 15360K, 0% used [0x0000000731a80000,0x0000000731a80000,0x0000000732980000)
 ParOldGen       total 333312K, used 17067K [0x00000005caa00000, 0x00000005def80000, 0x0000000718e00000)
  object space 333312K, 5% used [0x00000005caa00000,0x00000005cbaaacb0,0x00000005def80000)
 Metaspace       used 58411K, capacity 58842K, committed 59008K, reserved 1099776K
  class space    used 8728K, capacity 8830K, committed 8832K, reserved 1048576K
Event: 8.443 GC heap after
Heap after GC invocations=10 (full 3):
 PSYoungGen      total 280576K, used 0K [0x0000000718e00000, 0x0000000732980000, 0x00000007c0000000)
  eden space 265728K, 0% used [0x0000000718e00000,0x0000000718e00000,0x0000000729180000)
  from space 14848K, 0% used [0x0000000729180000,0x0000000729180000,0x000000072a000000)
  to   space 15360K, 0% used [0x0000000731a80000,0x0000000731a80000,0x0000000732980000)
 ParOldGen       total 456704K, used 18606K [0x00000005caa00000, 0x00000005e6800000, 0x0000000718e00000)
  object space 456704K, 4% used [0x00000005caa00000,0x00000005cbc2ba30,0x00000005e6800000)
 Metaspace       used 58408K, capacity 58836K, committed 59008K, reserved 1099776K
  class space    used 8728K, capacity 8829K, committed 8832K, reserved 1048576K
}
Event: 10.694 GC heap before
{Heap before GC invocations=11 (full 3):
 PSYoungGen      total 280576K, used 265728K [0x0000000718e00000, 0x0000000732980000, 0x00000007c0000000)
  eden space 265728K, 100% used [0x0000000718e00000,0x0000000729180000,0x0000000729180000)
  from space 14848K, 0% used [0x0000000729180000,0x0000000729180000,0x000000072a000000)
  to   space 15360K, 0% used [0x0000000731a80000,0x0000000731a80000,0x0000000732980000)
 ParOldGen       total 456704K, used 18606K [0x00000005caa00000, 0x00000005e6800000, 0x0000000718e00000)
  object space 456704K, 4% used [0x00000005caa00000,0x00000005cbc2ba30,0x00000005e6800000)
 Metaspace       used 69192K, capacity 69666K, committed 69888K, reserved 1107968K
  class space    used 10305K, capacity 10427K, committed 10496K, reserved 1048576K
Event: 10.714 GC heap after
Heap after GC invocations=11 (full 3):
 PSYoungGen      total 370688K, used 15013K [0x0000000718e00000, 0x0000000732980000, 0x00000007c0000000)
  eden space 355328K, 0% used [0x0000000718e00000,0x0000000718e00000,0x000000072e900000)
  from space 15360K, 97% used [0x0000000731a80000,0x00000007329297f0,0x0000000732980000)
  to   space 16384K, 0% used [0x0000000730980000,0x0000000730980000,0x0000000731980000)
 ParOldGen       total 456704K, used 18614K [0x00000005caa00000, 0x00000005e6800000, 0x0000000718e00000)
  object space 456704K, 4% used [0x00000005caa00000,0x00000005cbc2da30,0x00000005e6800000)
 Metaspace       used 69192K, capacity 69666K, committed 69888K, reserved 1107968K
  class space    used 10305K, capacity 10427K, committed 10496K, reserved 1048576K
}

