# JRE version: Java(TM) SE Runtime Environment (8.0_201-b09) (build 1.8.0_201-b09)
# Java VM: Java HotSpot(TM) 64-Bit Server VM (25.201-b09 mixed mode linux-amd64 compressed oops)
Heap:
 PSYoungGen      total 497152K, used 18789K [0x0000000718e00000, 0x0000000739900000, 0x00000007c0000000)
  eden space 478208K, 0% used [0x0000000718e00000,0x0000000718e000b0,0x0000000736100000)
  from space 18944K, 99% used [0x0000000738680000,0x00000007398d95e0,0x0000000739900000)
  to   space 22016K, 0% used [0x0000000736e00000,0x0000000736e00000,0x0000000738380000)
 ParOldGen       total 1784320K, used 1338031K [0x00000005caa00000, 0x0000000637880000, 0x0000000718e00000)
  object space 1784320K, 74% used [0x00000005caa00000,0x000000061c4abc60,0x0000000637880000)
 Metaspace       used 73697K, capacity 74260K, committed 74392K, reserved 1112064K
  class space    used 10787K, capacity 10926K, committed 10928K, reserved 1048576K
GC Heap History (10 events):
Event: 3.011 GC heap before
{Heap before GC invocations=5 (full 2):
 PSYoungGen      total 279040K, used 19304K [0x0000000718e00000, 0x0000000732700000, 0x00000007c0000000)
  eden space 258048K, 0% used [0x0000000718e00000,0x0000000718e00000,0x0000000728a00000)
  from space 20992K, 91% used [0x0000000728a00000,0x0000000729cda370,0x0000000729e80000)
  to   space 20992K, 0% used [0x0000000731280000,0x0000000731280000,0x0000000732700000)
 ParOldGen       total 208384K, used 10655K [0x00000005caa00000, 0x00000005d7580000, 0x0000000718e00000)
  object space 208384K, 5% used [0x00000005caa00000,0x00000005cb467f68,0x00000005d7580000)
 Metaspace       used 34976K, capacity 35166K, committed 35496K, reserved 1079296K
  class space    used 5005K, capacity 5077K, committed 5168K, reserved 1048576K
Event: 3.034 GC heap after
Heap after GC invocations=5 (full 2):
 PSYoungGen      total 279040K, used 0K [0x0000000718e00000, 0x0000000732700000, 0x00000007c0000000)
  eden space 258048K, 0% used [0x0000000718e00000,0x0000000718e00000,0x0000000728a00000)
  from space 20992K, 0% used [0x0000000728a00000,0x0000000728a00000,0x0000000729e80000)
  to   space 20992K, 0% used [0x0000000731280000,0x0000000731280000,0x0000000732700000)
 ParOldGen       total 339456K, used 23700K [0x00000005caa00000, 0x00000005df580000, 0x0000000718e00000)
  object space 339456K, 6% used [0x00000005caa00000,0x00000005cc125108,0x00000005df580000)
 Metaspace       used 34976K, capacity 35166K, committed 35496K, reserved 1079296K
  class space    used 5005K, capacity 5077K, committed 5168K, reserved 1048576K
}
Event: 4.096 GC heap before
{Heap before GC invocations=6 (full 2):
 PSYoungGen      total 279040K, used 258048K [0x0000000718e00000, 0x0000000732700000, 0x00000007c0000000)
  eden space 258048K, 100% used [0x0000000718e00000,0x0000000728a00000,0x0000000728a00000)
  from space 20992K, 0% used [0x0000000728a00000,0x0000000728a00000,0x0000000729e80000)
  to   space 20992K, 0% used [0x0000000731280000,0x0000000731280000,0x0000000732700000)
 ParOldGen       total 339456K, used 23700K [0x00000005caa00000, 0x00000005df580000, 0x0000000718e00000)
  object space 339456K, 6% used [0x00000005caa00000,0x00000005cc125108,0x00000005df580000)
 Metaspace       used 47733K, capacity 48130K, committed 48432K, reserved 1091584K
  class space    used 7072K, capacity 7198K, committed 7216K, reserved 1048576K
Event: 4.106 GC heap after
Heap after GC invocations=6 (full 2):
 PSYoungGen      total 374784K, used 16133K [0x0000000718e00000, 0x0000000732280000, 0x00000007c0000000)
  eden space 358400K, 0% used [0x0000000718e00000,0x0000000718e00000,0x000000072ec00000)
  from space 16384K, 98% used [0x0000000731280000,0x00000007322416d0,0x0000000732280000)
  to   space 20992K, 0% used [0x000000072f980000,0x000000072f980000,0x0000000730e00000)
 ParOldGen       total 339456K, used 23708K [0x00000005caa00000, 0x00000005df580000, 0x0000000718e00000)
  object space 339456K, 6% used [0x00000005caa00000,0x00000005cc127108,0x00000005df580000)
 Metaspace       used 47733K, capacity 48130K, committed 48432K, reserved 1091584K
  class space    used 7072K, capacity 7198K, committed 7216K, reserved 1048576K
}
Event: 5.002 GC heap before
{Heap before GC invocations=7 (full 2):
 PSYoungGen      total 374784K, used 237433K [0x0000000718e00000, 0x0000000732280000, 0x00000007c0000000)
  eden space 358400K, 61% used [0x0000000718e00000,0x000000072661cfd8,0x000000072ec00000)
  from space 16384K, 98% used [0x0000000731280000,0x00000007322416d0,0x0000000732280000)
  to   space 20992K, 0% used [0x000000072f980000,0x000000072f980000,0x0000000730e00000)
 ParOldGen       total 339456K, used 23708K [0x00000005caa00000, 0x00000005df580000, 0x0000000718e00000)
  object space 339456K, 6% used [0x00000005caa00000,0x00000005cc127108,0x00000005df580000)
 Metaspace       used 58567K, capacity 58952K, committed 59160K, reserved 1099776K
  class space    used 8812K, capacity 8927K, committed 9008K, reserved 1048576K
Event: 5.013 GC heap after
Heap after GC invocations=7 (full 2):
 PSYoungGen      total 393216K, used 16010K [0x0000000718e00000, 0x0000000739a80000, 0x00000007c0000000)
  eden space 372224K, 0% used [0x0000000718e00000,0x0000000718e00000,0x000000072f980000)
  from space 20992K, 76% used [0x000000072f980000,0x0000000730922a78,0x0000000730e00000)
  to   space 20480K, 0% used [0x0000000738680000,0x0000000738680000,0x0000000739a80000)
 ParOldGen       total 339456K, used 23716K [0x00000005caa00000, 0x00000005df580000, 0x0000000718e00000)
  object space 339456K, 6% used [0x00000005caa00000,0x00000005cc129108,0x00000005df580000)
 Metaspace       used 58567K, capacity 58952K, committed 59160K, reserved 1099776K
  class space    used 8812K, capacity 8927K, committed 9008K, reserved 1048576K
}
Event: 5.013 GC heap before
{Heap before GC invocations=8 (full 3):
 PSYoungGen      total 393216K, used 16010K [0x0000000718e00000, 0x0000000739a80000, 0x00000007c0000000)
  eden space 372224K, 0% used [0x0000000718e00000,0x0000000718e00000,0x000000072f980000)
  from space 20992K, 76% used [0x000000072f980000,0x0000000730922a78,0x0000000730e00000)
  to   space 20480K, 0% used [0x0000000738680000,0x0000000738680000,0x0000000739a80000)
 ParOldGen       total 339456K, used 23716K [0x00000005caa00000, 0x00000005df580000, 0x0000000718e00000)
  object space 339456K, 6% used [0x00000005caa00000,0x00000005cc129108,0x00000005df580000)
 Metaspace       used 58567K, capacity 58952K, committed 59160K, reserved 1099776K
  class space    used 8812K, capacity 8927K, committed 9008K, reserved 1048576K
Event: 5.094 GC heap after
Heap after GC invocations=8 (full 3):
 PSYoungGen      total 393216K, used 0K [0x0000000718e00000, 0x0000000739a80000, 0x00000007c0000000)
  eden space 372224K, 0% used [0x0000000718e00000,0x0000000718e00000,0x000000072f980000)
  from space 20992K, 0% used [0x000000072f980000,0x000000072f980000,0x0000000730e00000)
  to   space 20480K, 0% used [0x0000000738680000,0x0000000738680000,0x0000000739a80000)
 ParOldGen       total 472576K, used 26447K [0x00000005caa00000, 0x00000005e7780000, 0x0000000718e00000)
  object space 472576K, 5% used [0x00000005caa00000,0x00000005cc3d3dc0,0x00000005e7780000)
 Metaspace       used 58563K, capacity 58946K, committed 59160K, reserved 1099776K
  class space    used 8812K, capacity 8926K, committed 9008K, reserved 1048576K
}
Event: 8.241 GC heap before
{Heap before GC invocations=9 (full 3):
 PSYoungGen      total 393216K, used 372224K [0x0000000718e00000, 0x0000000739a80000, 0x00000007c0000000)
  eden space 372224K, 100% used [0x0000000718e00000,0x000000072f980000,0x000000072f980000)
  from space 20992K, 0% used [0x000000072f980000,0x000000072f980000,0x0000000730e00000)
  to   space 20480K, 0% used [0x0000000738680000,0x0000000738680000,0x0000000739a80000)
 ParOldGen       total 1784320K, used 1338023K [0x00000005caa00000, 0x0000000637880000, 0x0000000718e00000)
  object space 1784320K, 74% used [0x00000005caa00000,0x000000061c4a9c60,0x0000000637880000)
 Metaspace       used 73697K, capacity 74260K, committed 74392K, reserved 1112064K
  class space    used 10787K, capacity 10926K, committed 10928K, reserved 1048576K
Event: 8.260 GC heap after
Heap after GC invocations=9 (full 3):
 PSYoungGen      total 497152K, used 18789K [0x0000000718e00000, 0x0000000739900000, 0x00000007c0000000)
  eden space 478208K, 0% used [0x0000000718e00000,0x0000000718e00000,0x0000000736100000)
  from space 18944K, 99% used [0x0000000738680000,0x00000007398d95e0,0x0000000739900000)
  to   space 22016K, 0% used [0x0000000736e00000,0x0000000736e00000,0x0000000738380000)
 ParOldGen       total 1784320K, used 1338031K [0x00000005caa00000, 0x0000000637880000, 0x0000000718e00000)
  object space 1784320K, 74% used [0x00000005caa00000,0x000000061c4abc60,0x0000000637880000)
 Metaspace       used 73697K, capacity 74260K, committed 74392K, reserved 1112064K
  class space    used 10787K, capacity 10926K, committed 10928K, reserved 1048576K
}

