# JRE version: Java(TM) SE Runtime Environment (8.0_201-b09) (build 1.8.0_201-b09)
# Java VM: Java HotSpot(TM) 64-Bit Server VM (25.201-b09 mixed mode linux-amd64 compressed oops)
Heap:
 PSYoungGen      total 288256K, used 259811K [0x0000000718e00000, 0x0000000732b80000, 0x00000007c0000000)
  eden space 273920K, 94% used [0x0000000718e00000,0x0000000728bb8d80,0x0000000729980000)
  from space 14336K, 0% used [0x0000000729980000,0x0000000729980000,0x000000072a780000)
  to   space 14848K, 0% used [0x0000000731d00000,0x0000000731d00000,0x0000000732b80000)
 ParOldGen       total 1258496K, used 826183K [0x00000005caa00000, 0x0000000617700000, 0x0000000718e00000)
  object space 1258496K, 65% used [0x00000005caa00000,0x00000005fd0d1ce0,0x0000000617700000)
 Metaspace       used 69221K, capacity 69752K, committed 70016K, reserved 1107968K
  class space    used 10436K, capacity 10569K, committed 10624K, reserved 1048576K
GC Heap History (10 events):
Event: 2.791 GC heap before
{Heap before GC invocations=6 (full 2):
 PSYoungGen      total 212480K, used 11568K [0x0000000718e00000, 0x0000000727680000, 0x00000007c0000000)
  eden space 191488K, 0% used [0x0000000718e00000,0x0000000718e00000,0x0000000724900000)
  from space 20992K, 55% used [0x0000000725d80000,0x00000007268cc140,0x0000000727200000)
  to   space 20992K, 0% used [0x0000000724900000,0x0000000724900000,0x0000000725d80000)
 ParOldGen       total 205312K, used 10575K [0x00000005caa00000, 0x00000005d7280000, 0x0000000718e00000)
  object space 205312K, 5% used [0x00000005caa00000,0x00000005cb453c90,0x00000005d7280000)
 Metaspace       used 34994K, capacity 35166K, committed 35416K, reserved 1079296K
  class space    used 5005K, capacity 5077K, committed 5120K, reserved 1048576K
Event: 2.813 GC heap after
Heap after GC invocations=6 (full 2):
 PSYoungGen      total 212480K, used 0K [0x0000000718e00000, 0x0000000727680000, 0x00000007c0000000)
  eden space 191488K, 0% used [0x0000000718e00000,0x0000000718e00000,0x0000000724900000)
  from space 20992K, 0% used [0x0000000725d80000,0x0000000725d80000,0x0000000727200000)
  to   space 20992K, 0% used [0x0000000724900000,0x0000000724900000,0x0000000725d80000)
 ParOldGen       total 325120K, used 16458K [0x00000005caa00000, 0x00000005de780000, 0x0000000718e00000)
  object space 325120K, 5% used [0x00000005caa00000,0x00000005cba12a00,0x00000005de780000)
 Metaspace       used 34994K, capacity 35166K, committed 35416K, reserved 1079296K
  class space    used 5005K, capacity 5077K, committed 5120K, reserved 1048576K
}
Event: 3.540 GC heap before
{Heap before GC invocations=7 (full 2):
 PSYoungGen      total 212480K, used 191488K [0x0000000718e00000, 0x0000000727680000, 0x00000007c0000000)
  eden space 191488K, 100% used [0x0000000718e00000,0x0000000724900000,0x0000000724900000)
  from space 20992K, 0% used [0x0000000725d80000,0x0000000725d80000,0x0000000727200000)
  to   space 20992K, 0% used [0x0000000724900000,0x0000000724900000,0x0000000725d80000)
 ParOldGen       total 325120K, used 16458K [0x00000005caa00000, 0x00000005de780000, 0x0000000718e00000)
  object space 325120K, 5% used [0x00000005caa00000,0x00000005cba12a00,0x00000005de780000)
 Metaspace       used 44319K, capacity 44728K, committed 44928K, reserved 1087488K
  class space    used 6588K, capacity 6711K, committed 6784K, reserved 1048576K
Event: 3.552 GC heap after
Heap after GC invocations=7 (full 2):
 PSYoungGen      total 212480K, used 12654K [0x0000000718e00000, 0x000000072b480000, 0x00000007c0000000)
  eden space 191488K, 0% used [0x0000000718e00000,0x0000000718e00000,0x0000000724900000)
  from space 20992K, 60% used [0x0000000724900000,0x000000072555b818,0x0000000725d80000)
  to   space 13312K, 0% used [0x000000072a780000,0x000000072a780000,0x000000072b480000)
 ParOldGen       total 325120K, used 16466K [0x00000005caa00000, 0x00000005de780000, 0x0000000718e00000)
  object space 325120K, 5% used [0x00000005caa00000,0x00000005cba14a00,0x00000005de780000)
 Metaspace       used 44319K, capacity 44728K, committed 44928K, reserved 1087488K
  class space    used 6588K, capacity 6711K, committed 6784K, reserved 1048576K
}
Event: 4.127 GC heap before
{Heap before GC invocations=8 (full 2):
 PSYoungGen      total 212480K, used 204142K [0x0000000718e00000, 0x000000072b480000, 0x00000007c0000000)
  eden space 191488K, 100% used [0x0000000718e00000,0x0000000724900000,0x0000000724900000)
  from space 20992K, 60% used [0x0000000724900000,0x000000072555b818,0x0000000725d80000)
  to   space 13312K, 0% used [0x000000072a780000,0x000000072a780000,0x000000072b480000)
 ParOldGen       total 325120K, used 16466K [0x00000005caa00000, 0x00000005de780000, 0x0000000718e00000)
  object space 325120K, 5% used [0x00000005caa00000,0x00000005cba14a00,0x00000005de780000)
 Metaspace       used 55159K, capacity 55606K, committed 55808K, reserved 1097728K
  class space    used 8289K, capacity 8412K, committed 8448K, reserved 1048576K
Event: 4.135 GC heap after
Heap after GC invocations=8 (full 2):
 PSYoungGen      total 287232K, used 13283K [0x0000000718e00000, 0x000000072b700000, 0x00000007c0000000)
  eden space 273920K, 0% used [0x0000000718e00000,0x0000000718e00000,0x0000000729980000)
  from space 13312K, 99% used [0x000000072a780000,0x000000072b478fe0,0x000000072b480000)
  to   space 14336K, 0% used [0x0000000729980000,0x0000000729980000,0x000000072a780000)
 ParOldGen       total 325120K, used 17054K [0x00000005caa00000, 0x00000005de780000, 0x0000000718e00000)
  object space 325120K, 5% used [0x00000005caa00000,0x00000005cbaa7bd0,0x00000005de780000)
 Metaspace       used 55159K, capacity 55606K, committed 55808K, reserved 1097728K
  class space    used 8289K, capacity 8412K, committed 8448K, reserved 1048576K
}
Event: 4.580 GC heap before
{Heap before GC invocations=9 (full 2):
 PSYoungGen      total 287232K, used 101426K [0x0000000718e00000, 0x000000072b700000, 0x00000007c0000000)
  eden space 273920K, 32% used [0x0000000718e00000,0x000000071e413a58,0x0000000729980000)
  from space 13312K, 99% used [0x000000072a780000,0x000000072b478fe0,0x000000072b480000)
  to   space 14336K, 0% used [0x0000000729980000,0x0000000729980000,0x000000072a780000)
 ParOldGen       total 325120K, used 17054K [0x00000005caa00000, 0x00000005de780000, 0x0000000718e00000)
  object space 325120K, 5% used [0x00000005caa00000,0x00000005cbaa7bd0,0x00000005de780000)
 Metaspace       used 58471K, capacity 58876K, committed 59028K, reserved 1099776K
  class space    used 8801K, capacity 8925K, committed 8960K, reserved 1048576K
Event: 4.586 GC heap after
Heap after GC invocations=9 (full 2):
 PSYoungGen      total 288256K, used 9491K [0x0000000718e00000, 0x0000000732b80000, 0x00000007c0000000)
  eden space 273920K, 0% used [0x0000000718e00000,0x0000000718e00000,0x0000000729980000)
  from space 14336K, 66% used [0x0000000729980000,0x000000072a2c4fb8,0x000000072a780000)
  to   space 14848K, 0% used [0x0000000731d00000,0x0000000731d00000,0x0000000732b80000)
 ParOldGen       total 325120K, used 17062K [0x00000005caa00000, 0x00000005de780000, 0x0000000718e00000)
  object space 325120K, 5% used [0x00000005caa00000,0x00000005cbaa9bd0,0x00000005de780000)
 Metaspace       used 58471K, capacity 58876K, committed 59028K, reserved 1099776K
  class space    used 8801K, capacity 8925K, committed 8960K, reserved 1048576K
}
Event: 4.586 GC heap before
{Heap before GC invocations=10 (full 3):
 PSYoungGen      total 288256K, used 9491K [0x0000000718e00000, 0x0000000732b80000, 0x00000007c0000000)
  eden space 273920K, 0% used [0x0000000718e00000,0x0000000718e00000,0x0000000729980000)
  from space 14336K, 66% used [0x0000000729980000,0x000000072a2c4fb8,0x000000072a780000)
  to   space 14848K, 0% used [0x0000000731d00000,0x0000000731d00000,0x0000000732b80000)
 ParOldGen       total 325120K, used 17062K [0x00000005caa00000, 0x00000005de780000, 0x0000000718e00000)
  object space 325120K, 5% used [0x00000005caa00000,0x00000005cbaa9bd0,0x00000005de780000)
 Metaspace       used 58471K, capacity 58876K, committed 59028K, reserved 1099776K
  class space    used 8801K, capacity 8925K, committed 8960K, reserved 1048576K
Event: 4.665 GC heap after
Heap after GC invocations=10 (full 3):
 PSYoungGen      total 288256K, used 0K [0x0000000718e00000, 0x0000000732b80000, 0x00000007c0000000)
  eden space 273920K, 0% used [0x0000000718e00000,0x0000000718e00000,0x0000000729980000)
  from space 14336K, 0% used [0x0000000729980000,0x0000000729980000,0x000000072a780000)
  to   space 14848K, 0% used [0x0000000731d00000,0x0000000731d00000,0x0000000732b80000)
 ParOldGen       total 452608K, used 20410K [0x00000005caa00000, 0x00000005e6400000, 0x0000000718e00000)
  object space 452608K, 4% used [0x00000005caa00000,0x00000005cbdee898,0x00000005e6400000)
 Metaspace       used 58468K, capacity 58870K, committed 59028K, reserved 1099776K
  class space    used 8801K, capacity 8924K, committed 8960K, reserved 1048576K
}

