# JRE version: Java(TM) SE Runtime Environment (8.0_201-b09) (build 1.8.0_201-b09)
# Java VM: Java HotSpot(TM) 64-Bit Server VM (25.201-b09 mixed mode linux-amd64 compressed oops)
Heap:
 PSYoungGen      total 457216K, used 0K [0x0000000718e00000, 0x0000000747180000, 0x00000007c0000000)
  eden space 340480K, 0% used [0x0000000718e00000,0x0000000718e00000,0x000000072da80000)
  from space 116736K, 0% used [0x000000072da80000,0x000000072da80000,0x0000000734c80000)
  to   space 116224K, 0% used [0x0000000740000000,0x0000000740000000,0x0000000747180000)
 ParOldGen       total 5476352K, used 4356191K [0x00000005caa00000, 0x0000000718e00000, 0x0000000718e00000)
  object space 5476352K, 79% used [0x00000005caa00000,0x00000006d4817c18,0x0000000718e00000)
 Metaspace       used 76131K, capacity 76440K, committed 77696K, reserved 1116160K
  class space    used 11014K, capacity 11081K, committed 11392K, reserved 1048576K
GC Heap History (10 events):
Event: 133.846 GC heap before
{Heap before GC invocations=14 (full 3):
 PSYoungGen      total 314368K, used 148399K [0x0000000718e00000, 0x0000000734700000, 0x00000007c0000000)
  eden space 297984K, 44% used [0x0000000718e00000,0x0000000720eec758,0x000000072b100000)
  from space 16384K, 99% used [0x000000072e880000,0x000000072f87f7a0,0x000000072f880000)
  to   space 56832K, 0% used [0x000000072b100000,0x000000072b100000,0x000000072e880000)
 ParOldGen       total 5476352K, used 4323422K [0x00000005caa00000, 0x0000000718e00000, 0x0000000718e00000)
  object space 5476352K, 78% used [0x00000005caa00000,0x00000006d28178d0,0x0000000718e00000)
 Metaspace       used 76806K, capacity 77526K, committed 77696K, reserved 1116160K
  class space    used 11116K, capacity 11266K, committed 11392K, reserved 1048576K
Event: 133.876 GC heap after
Heap after GC invocations=14 (full 3):
 PSYoungGen      total 354816K, used 56819K [0x0000000718e00000, 0x000000073b200000, 0x00000007c0000000)
  eden space 297984K, 0% used [0x0000000718e00000,0x0000000718e00000,0x000000072b100000)
  from space 56832K, 99% used [0x000000072b100000,0x000000072e87cce8,0x000000072e880000)
  to   space 103936K, 0% used [0x0000000734c80000,0x0000000734c80000,0x000000073b200000)
 ParOldGen       total 5476352K, used 4425504K [0x00000005caa00000, 0x0000000718e00000, 0x0000000718e00000)
  object space 5476352K, 80% used [0x00000005caa00000,0x00000006d8bc8010,0x0000000718e00000)
 Metaspace       used 76806K, capacity 77526K, committed 77696K, reserved 1116160K
  class space    used 11116K, capacity 11266K, committed 11392K, reserved 1048576K
}
Event: 133.876 GC heap before
{Heap before GC invocations=15 (full 3):
 PSYoungGen      total 354816K, used 56819K [0x0000000718e00000, 0x000000073b200000, 0x00000007c0000000)
  eden space 297984K, 0% used [0x0000000718e00000,0x0000000718e00000,0x000000072b100000)
  from space 56832K, 99% used [0x000000072b100000,0x000000072e87cce8,0x000000072e880000)
  to   space 103936K, 0% used [0x0000000734c80000,0x0000000734c80000,0x000000073b200000)
 ParOldGen       total 5476352K, used 4425504K [0x00000005caa00000, 0x0000000718e00000, 0x0000000718e00000)
  object space 5476352K, 80% used [0x00000005caa00000,0x00000006d8bc8010,0x0000000718e00000)
 Metaspace       used 76806K, capacity 77526K, committed 77696K, reserved 1116160K
  class space    used 11116K, capacity 11266K, committed 11392K, reserved 1048576K
Event: 133.899 GC heap after
Heap after GC invocations=15 (full 3):
 PSYoungGen      total 444416K, used 89658K [0x0000000718e00000, 0x0000000743300000, 0x00000007c0000000)
  eden space 340480K, 0% used [0x0000000718e00000,0x0000000718e00000,0x000000072da80000)
  from space 103936K, 86% used [0x0000000734c80000,0x000000073a40eba8,0x000000073b200000)
  to   space 116736K, 0% used [0x000000072da80000,0x000000072da80000,0x0000000734c80000)
 ParOldGen       total 5476352K, used 4425512K [0x00000005caa00000, 0x0000000718e00000, 0x0000000718e00000)
  object space 5476352K, 80% used [0x00000005caa00000,0x00000006d8bca010,0x0000000718e00000)
 Metaspace       used 76806K, capacity 77526K, committed 77696K, reserved 1116160K
  class space    used 11116K, capacity 11266K, committed 11392K, reserved 1048576K
}
Event: 133.899 GC heap before
{Heap before GC invocations=16 (full 4):
 PSYoungGen      total 444416K, used 89658K [0x0000000718e00000, 0x0000000743300000, 0x00000007c0000000)
  eden space 340480K, 0% used [0x0000000718e00000,0x0000000718e00000,0x000000072da80000)
  from space 103936K, 86% used [0x0000000734c80000,0x000000073a40eba8,0x000000073b200000)
  to   space 116736K, 0% used [0x000000072da80000,0x000000072da80000,0x0000000734c80000)
 ParOldGen       total 5476352K, used 4425512K [0x00000005caa00000, 0x0000000718e00000, 0x0000000718e00000)
  object space 5476352K, 80% used [0x00000005caa00000,0x00000006d8bca010,0x0000000718e00000)
 Metaspace       used 76806K, capacity 77526K, committed 77696K, reserved 1116160K
  class space    used 11116K, capacity 11266K, committed 11392K, reserved 1048576K
Event: 134.431 GC heap after
Heap after GC invocations=16 (full 4):
 PSYoungGen      total 444416K, used 0K [0x0000000718e00000, 0x0000000743300000, 0x00000007c0000000)
  eden space 340480K, 0% used [0x0000000718e00000,0x0000000718e00000,0x000000072da80000)
  from space 103936K, 0% used [0x0000000734c80000,0x0000000734c80000,0x000000073b200000)
  to   space 116736K, 0% used [0x000000072da80000,0x000000072da80000,0x0000000734c80000)
 ParOldGen       total 5130752K, used 4358632K [0x00000005caa00000, 0x0000000703c80000, 0x0000000718e00000)
  object space 5130752K, 84% used [0x00000005caa00000,0x00000006d4a7a378,0x0000000703c80000)
 Metaspace       used 76779K, capacity 77484K, committed 77696K, reserved 1116160K
  class space    used 11112K, capacity 11259K, committed 11392K, reserved 1048576K
}
Event: 134.431 GC heap before
{Heap before GC invocations=17 (full 4):
 PSYoungGen      total 444416K, used 0K [0x0000000718e00000, 0x0000000743300000, 0x00000007c0000000)
  eden space 340480K, 0% used [0x0000000718e00000,0x0000000718e00000,0x000000072da80000)
  from space 103936K, 0% used [0x0000000734c80000,0x0000000734c80000,0x000000073b200000)
  to   space 116736K, 0% used [0x000000072da80000,0x000000072da80000,0x0000000734c80000)
 ParOldGen       total 5476352K, used 4358632K [0x00000005caa00000, 0x0000000718e00000, 0x0000000718e00000)
  object space 5476352K, 79% used [0x00000005caa00000,0x00000006d4a7a378,0x0000000718e00000)
 Metaspace       used 76779K, capacity 77484K, committed 77696K, reserved 1116160K
  class space    used 11112K, capacity 11259K, committed 11392K, reserved 1048576K
Event: 134.453 GC heap after
Heap after GC invocations=17 (full 4):
 PSYoungGen      total 457216K, used 0K [0x0000000718e00000, 0x0000000747180000, 0x00000007c0000000)
  eden space 340480K, 0% used [0x0000000718e00000,0x0000000718e00000,0x000000072da80000)
  from space 116736K, 0% used [0x000000072da80000,0x000000072da80000,0x0000000734c80000)
  to   space 116224K, 0% used [0x0000000740000000,0x0000000740000000,0x0000000747180000)
 ParOldGen       total 5476352K, used 4358632K [0x00000005caa00000, 0x0000000718e00000, 0x0000000718e00000)
  object space 5476352K, 79% used [0x00000005caa00000,0x00000006d4a7a378,0x0000000718e00000)
 Metaspace       used 76779K, capacity 77484K, committed 77696K, reserved 1116160K
  class space    used 11112K, capacity 11259K, committed 11392K, reserved 1048576K
}
Event: 134.453 GC heap before
{Heap before GC invocations=18 (full 5):
 PSYoungGen      total 457216K, used 0K [0x0000000718e00000, 0x0000000747180000, 0x00000007c0000000)
  eden space 340480K, 0% used [0x0000000718e00000,0x0000000718e00000,0x000000072da80000)
  from space 116736K, 0% used [0x000000072da80000,0x000000072da80000,0x0000000734c80000)
  to   space 116224K, 0% used [0x0000000740000000,0x0000000740000000,0x0000000747180000)
 ParOldGen       total 5476352K, used 4358632K [0x00000005caa00000, 0x0000000718e00000, 0x0000000718e00000)
  object space 5476352K, 79% used [0x00000005caa00000,0x00000006d4a7a378,0x0000000718e00000)
 Metaspace       used 76779K, capacity 77484K, committed 77696K, reserved 1116160K
  class space    used 11112K, capacity 11259K, committed 11392K, reserved 1048576K
Event: 134.987 GC heap after
Heap after GC invocations=18 (full 5):
 PSYoungGen      total 457216K, used 0K [0x0000000718e00000, 0x0000000747180000, 0x00000007c0000000)
  eden space 340480K, 0% used [0x0000000718e00000,0x0000000718e00000,0x000000072da80000)
  from space 116736K, 0% used [0x000000072da80000,0x000000072da80000,0x0000000734c80000)
  to   space 116224K, 0% used [0x0000000740000000,0x0000000740000000,0x0000000747180000)
 ParOldGen       total 5303808K, used 4356191K [0x00000005caa00000, 0x000000070e580000, 0x0000000718e00000)
  object space 5303808K, 82% used [0x00000005caa00000,0x00000006d4817c18,0x000000070e580000)
 Metaspace       used 76131K, capacity 76440K, committed 77696K, reserved 1116160K
  class space    used 11014K, capacity 11081K, committed 11392K, reserved 1048576K
}

