# JRE version: Java(TM) SE Runtime Environment (8.0_201-b09) (build 1.8.0_201-b09)
# Java VM: Java HotSpot(TM) 64-Bit Server VM (25.201-b09 mixed mode linux-amd64 compressed oops)
Heap:
 PSYoungGen      total 384512K, used 358835K [0x0000000718e00000, 0x0000000739080000, 0x00000007c0000000)
  eden space 363520K, 98% used [0x0000000718e00000,0x000000072ec6ccc0,0x000000072f100000)
  from space 20992K, 0% used [0x000000072f100000,0x000000072f100000,0x0000000730580000)
  to   space 20992K, 0% used [0x0000000737c00000,0x0000000737c00000,0x0000000739080000)
 ParOldGen       total 1805312K, used 1337781K [0x00000005caa00000, 0x0000000638d00000, 0x0000000718e00000)
  object space 1805312K, 74% used [0x00000005caa00000,0x000000061c46d4b0,0x0000000638d00000)
 Metaspace       used 73657K, capacity 74196K, committed 74496K, reserved 1112064K
  class space    used 10784K, capacity 10926K, committed 11008K, reserved 1048576K
GC Heap History (10 events):
Event: 4.223 GC heap before
{Heap before GC invocations=4 (full 1):
 PSYoungGen      total 279040K, used 215311K [0x0000000718e00000, 0x000000072b300000, 0x00000007c0000000)
  eden space 258048K, 83% used [0x0000000718e00000,0x0000000726043eb8,0x0000000728a00000)
  from space 20992K, 0% used [0x0000000729e80000,0x0000000729e80000,0x000000072b300000)
  to   space 20992K, 0% used [0x0000000728a00000,0x0000000728a00000,0x0000000729e80000)
 ParOldGen       total 213504K, used 10746K [0x00000005caa00000, 0x00000005d7a80000, 0x0000000718e00000)
  object space 213504K, 5% used [0x00000005caa00000,0x00000005cb47ea00,0x00000005d7a80000)
 Metaspace       used 34990K, capacity 35166K, committed 35416K, reserved 1079296K
  class space    used 5007K, capacity 5077K, committed 5120K, reserved 1048576K
Event: 4.241 GC heap after
Heap after GC invocations=4 (full 1):
 PSYoungGen      total 279040K, used 19280K [0x0000000718e00000, 0x0000000731e80000, 0x00000007c0000000)
  eden space 258048K, 0% used [0x0000000718e00000,0x0000000718e00000,0x0000000728a00000)
  from space 20992K, 91% used [0x0000000728a00000,0x0000000729cd4118,0x0000000729e80000)
  to   space 20992K, 0% used [0x0000000730a00000,0x0000000730a00000,0x0000000731e80000)
 ParOldGen       total 213504K, used 10754K [0x00000005caa00000, 0x00000005d7a80000, 0x0000000718e00000)
  object space 213504K, 5% used [0x00000005caa00000,0x00000005cb480a00,0x00000005d7a80000)
 Metaspace       used 34990K, capacity 35166K, committed 35416K, reserved 1079296K
  class space    used 5007K, capacity 5077K, committed 5120K, reserved 1048576K
}
Event: 4.241 GC heap before
{Heap before GC invocations=5 (full 2):
 PSYoungGen      total 279040K, used 19280K [0x0000000718e00000, 0x0000000731e80000, 0x00000007c0000000)
  eden space 258048K, 0% used [0x0000000718e00000,0x0000000718e00000,0x0000000728a00000)
  from space 20992K, 91% used [0x0000000728a00000,0x0000000729cd4118,0x0000000729e80000)
  to   space 20992K, 0% used [0x0000000730a00000,0x0000000730a00000,0x0000000731e80000)
 ParOldGen       total 213504K, used 10754K [0x00000005caa00000, 0x00000005d7a80000, 0x0000000718e00000)
  object space 213504K, 5% used [0x00000005caa00000,0x00000005cb480a00,0x00000005d7a80000)
 Metaspace       used 34990K, capacity 35166K, committed 35416K, reserved 1079296K
  class space    used 5007K, capacity 5077K, committed 5120K, reserved 1048576K
Event: 4.277 GC heap after
Heap after GC invocations=5 (full 2):
 PSYoungGen      total 279040K, used 0K [0x0000000718e00000, 0x0000000731e80000, 0x00000007c0000000)
  eden space 258048K, 0% used [0x0000000718e00000,0x0000000718e00000,0x0000000728a00000)
  from space 20992K, 0% used [0x0000000728a00000,0x0000000728a00000,0x0000000729e80000)
  to   space 20992K, 0% used [0x0000000730a00000,0x0000000730a00000,0x0000000731e80000)
 ParOldGen       total 352256K, used 23710K [0x00000005caa00000, 0x00000005e0200000, 0x0000000718e00000)
  object space 352256K, 6% used [0x00000005caa00000,0x00000005cc127a50,0x00000005e0200000)
 Metaspace       used 34990K, capacity 35166K, committed 35416K, reserved 1079296K
  class space    used 5007K, capacity 5077K, committed 5120K, reserved 1048576K
}
Event: 5.709 GC heap before
{Heap before GC invocations=6 (full 2):
 PSYoungGen      total 279040K, used 258048K [0x0000000718e00000, 0x0000000731e80000, 0x00000007c0000000)
  eden space 258048K, 100% used [0x0000000718e00000,0x0000000728a00000,0x0000000728a00000)
  from space 20992K, 0% used [0x0000000728a00000,0x0000000728a00000,0x0000000729e80000)
  to   space 20992K, 0% used [0x0000000730a00000,0x0000000730a00000,0x0000000731e80000)
 ParOldGen       total 352256K, used 23710K [0x00000005caa00000, 0x00000005e0200000, 0x0000000718e00000)
  object space 352256K, 6% used [0x00000005caa00000,0x00000005cc127a50,0x00000005e0200000)
 Metaspace       used 47879K, capacity 48290K, committed 48512K, reserved 1091584K
  class space    used 7097K, capacity 7230K, committed 7296K, reserved 1048576K
Event: 5.722 GC heap after
Heap after GC invocations=6 (full 2):
 PSYoungGen      total 369152K, used 16286K [0x0000000718e00000, 0x0000000731a00000, 0x00000007c0000000)
  eden space 352768K, 0% used [0x0000000718e00000,0x0000000718e00000,0x000000072e680000)
  from space 16384K, 99% used [0x0000000730a00000,0x00000007319e7920,0x0000000731a00000)
  to   space 20992K, 0% used [0x000000072f100000,0x000000072f100000,0x0000000730580000)
 ParOldGen       total 352256K, used 23718K [0x00000005caa00000, 0x00000005e0200000, 0x0000000718e00000)
  object space 352256K, 6% used [0x00000005caa00000,0x00000005cc129a50,0x00000005e0200000)
 Metaspace       used 47879K, capacity 48290K, committed 48512K, reserved 1091584K
  class space    used 7097K, capacity 7230K, committed 7296K, reserved 1048576K
}
Event: 6.772 GC heap before
{Heap before GC invocations=7 (full 2):
 PSYoungGen      total 369152K, used 230894K [0x0000000718e00000, 0x0000000731a00000, 0x00000007c0000000)
  eden space 352768K, 60% used [0x0000000718e00000,0x0000000725f94188,0x000000072e680000)
  from space 16384K, 99% used [0x0000000730a00000,0x00000007319e7920,0x0000000731a00000)
  to   space 20992K, 0% used [0x000000072f100000,0x000000072f100000,0x0000000730580000)
 ParOldGen       total 352256K, used 23718K [0x00000005caa00000, 0x00000005e0200000, 0x0000000718e00000)
  object space 352256K, 6% used [0x00000005caa00000,0x00000005cc129a50,0x00000005e0200000)
 Metaspace       used 58490K, capacity 58856K, committed 59028K, reserved 1099776K
  class space    used 8799K, capacity 8895K, committed 8960K, reserved 1048576K
Event: 6.785 GC heap after
Heap after GC invocations=7 (full 2):
 PSYoungGen      total 384512K, used 15653K [0x0000000718e00000, 0x0000000739080000, 0x00000007c0000000)
  eden space 363520K, 0% used [0x0000000718e00000,0x0000000718e00000,0x000000072f100000)
  from space 20992K, 74% used [0x000000072f100000,0x0000000730049688,0x0000000730580000)
  to   space 20992K, 0% used [0x0000000737c00000,0x0000000737c00000,0x0000000739080000)
 ParOldGen       total 352256K, used 23726K [0x00000005caa00000, 0x00000005e0200000, 0x0000000718e00000)
  object space 352256K, 6% used [0x00000005caa00000,0x00000005cc12ba50,0x00000005e0200000)
 Metaspace       used 58490K, capacity 58856K, committed 59028K, reserved 1099776K
  class space    used 8799K, capacity 8895K, committed 8960K, reserved 1048576K
}
Event: 6.785 GC heap before
{Heap before GC invocations=8 (full 3):
 PSYoungGen      total 384512K, used 15653K [0x0000000718e00000, 0x0000000739080000, 0x00000007c0000000)
  eden space 363520K, 0% used [0x0000000718e00000,0x0000000718e00000,0x000000072f100000)
  from space 20992K, 74% used [0x000000072f100000,0x0000000730049688,0x0000000730580000)
  to   space 20992K, 0% used [0x0000000737c00000,0x0000000737c00000,0x0000000739080000)
 ParOldGen       total 352256K, used 23726K [0x00000005caa00000, 0x00000005e0200000, 0x0000000718e00000)
  object space 352256K, 6% used [0x00000005caa00000,0x00000005cc12ba50,0x00000005e0200000)
 Metaspace       used 58490K, capacity 58856K, committed 59028K, reserved 1099776K
  class space    used 8799K, capacity 8895K, committed 8960K, reserved 1048576K
Event: 6.895 GC heap after
Heap after GC invocations=8 (full 3):
 PSYoungGen      total 384512K, used 0K [0x0000000718e00000, 0x0000000739080000, 0x00000007c0000000)
  eden space 363520K, 0% used [0x0000000718e00000,0x0000000718e00000,0x000000072f100000)
  from space 20992K, 0% used [0x000000072f100000,0x000000072f100000,0x0000000730580000)
  to   space 20992K, 0% used [0x0000000737c00000,0x0000000737c00000,0x0000000739080000)
 ParOldGen       total 493568K, used 26205K [0x00000005caa00000, 0x00000005e8c00000, 0x0000000718e00000)
  object space 493568K, 5% used [0x00000005caa00000,0x00000005cc397610,0x00000005e8c00000)
 Metaspace       used 58487K, capacity 58850K, committed 59028K, reserved 1099776K
  class space    used 8798K, capacity 8894K, committed 8960K, reserved 1048576K
}

